Base path: 'C:/Program Files/Unity/Hub/Editor/2019.3.7f1/Editor/Data', plugins path 'C:/Program Files/Unity/Hub/Editor/2019.3.7f1/Editor/Data/PlaybackEngines'
Cmd: initializeCompiler
Cmd: initializeCompiler
Cmd: preprocessCompute
  insize=12037 outsize=12081 ok=1
Cmd: compileComputeKernel
  api=4 insize=12081 outsize=1558 ok=1
Cmd: compileComputeKernel
  api=4 insize=12081 outsize=1863 ok=1
Cmd: compileComputeKernel
  api=4 insize=12081 outsize=1848 ok=1
Cmd: compileComputeKernel
  api=4 insize=12081 outsize=1840 ok=1
Cmd: compileComputeKernel
  api=4 insize=12081 outsize=1971 ok=1
Cmd: compileComputeKernel
  api=4 insize=12081 outsize=1931 ok=1
Cmd: compileComputeKernel
  api=4 insize=12081 outsize=1579 ok=1
Cmd: compileComputeKernel
  api=4 insize=12081 outsize=2631 ok=1
Cmd: compileComputeKernel
  api=4 insize=12081 outsize=2218 ok=1
Cmd: compileComputeKernel
  api=4 insize=12081 outsize=1364 ok=1
Cmd: compileComputeKernel
  api=4 insize=12081 outsize=1580 ok=1
Cmd: preprocessCompute
  insize=12060 outsize=12124 ok=1
Cmd: compileComputeKernel
  api=4 insize=12124 outsize=1823 ok=1
Cmd: compileComputeKernel
  api=4 insize=12124 outsize=1819 ok=1
Cmd: compileComputeKernel
  api=4 insize=12124 outsize=1851 ok=1
Cmd: compileComputeKernel
  api=4 insize=12124 outsize=1997 ok=1
Cmd: preprocessCompute
  insize=19739 outsize=19771 ok=1
Cmd: compileComputeKernel
  api=4 insize=19771 outsize=2963 ok=1
Cmd: compileComputeKernel
  api=4 insize=19771 outsize=5237 ok=1
Cmd: preprocessCompute
  insize=58930 outsize=59196 ok=1
Cmd: compileComputeKernel
  api=4 insize=59196 outsize=1686 ok=1
Cmd: compileComputeKernel
  api=4 insize=59196 outsize=2944 ok=1
Cmd: compileComputeKernel
  api=4 insize=59196 outsize=2041 ok=1
Cmd: compileComputeKernel
  api=4 insize=59196 outsize=1431 ok=1
Cmd: compileComputeKernel
  api=4 insize=59196 outsize=3335 ok=1
Cmd: compileComputeKernel
  api=4 insize=59196 outsize=1310 ok=1
Cmd: compileComputeKernel
  api=4 insize=59196 outsize=1682 ok=1
Cmd: compileComputeKernel
  api=4 insize=59196 outsize=1465 ok=1
Cmd: compileComputeKernel
  api=4 insize=59196 outsize=1311 ok=1
Cmd: compileComputeKernel
  api=4 insize=59196 outsize=1580 ok=1
Cmd: compileComputeKernel
  api=4 insize=59196 outsize=2259 ok=1
Cmd: compileComputeKernel
  api=4 insize=59196 outsize=1851 ok=1
Cmd: compileComputeKernel
  api=4 insize=59196 outsize=1853 ok=1
Cmd: compileComputeKernel
  api=4 insize=59196 outsize=1998 ok=1
Cmd: compileComputeKernel
  api=4 insize=59196 outsize=1346 ok=1
Cmd: compileComputeKernel
  api=4 insize=59196 outsize=1590 ok=1
Cmd: compileComputeKernel
  api=4 insize=59196 outsize=2421 ok=1
Cmd: preprocessCompute
  insize=73577 outsize=73605 ok=1
Cmd: compileComputeKernel
  api=4 insize=73605 outsize=7773 ok=1
Cmd: compileComputeKernel
  api=4 insize=73605 outsize=6472 ok=1
Cmd: preprocessCompute
  insize=33321 outsize=33531 ok=1
Cmd: compileComputeKernel
  api=4 insize=33531 outsize=629 ok=1
Cmd: compileComputeKernel
  api=4 insize=33531 outsize=937 ok=1
Cmd: compileComputeKernel
  api=4 insize=33531 outsize=759 ok=1
Cmd: compileComputeKernel
  api=4 insize=33531 outsize=701 ok=1
Cmd: compileComputeKernel
  api=4 insize=33531 outsize=769 ok=1
Cmd: compileComputeKernel
  api=4 insize=33531 outsize=872 ok=1
Cmd: compileComputeKernel
  api=4 insize=33531 outsize=1861 ok=1
Cmd: compileComputeKernel
  api=4 insize=33531 outsize=1497 ok=1
Cmd: compileComputeKernel
  api=4 insize=33531 outsize=1360 ok=1
Cmd: compileComputeKernel
  api=4 insize=33531 outsize=1402 ok=1
Cmd: compileComputeKernel
  api=4 insize=33531 outsize=1248 ok=1
Cmd: compileComputeKernel
  api=4 insize=33531 outsize=1221 ok=1
Cmd: compileComputeKernel
  api=4 insize=33531 outsize=1618 ok=1
Cmd: preprocessCompute
  insize=75133 outsize=75191 ok=1
Cmd: compileComputeKernel
  api=4 insize=75191 outsize=6812 ok=1
Cmd: compileComputeKernel
  api=4 insize=75191 outsize=31673 ok=1
Cmd: compileComputeKernel
  api=4 insize=75191 outsize=27610 ok=1
Cmd: preprocessCompute
  insize=4418 outsize=4434 ok=1
Cmd: compileComputeKernel
  api=4 insize=4434 outsize=1590 ok=1
Cmd: preprocessCompute
  insize=1894 outsize=1898 ok=1
Cmd: compileComputeKernel
  api=4 insize=1898 outsize=3122 ok=1
